<?xml version="1.0" encoding="UTF-8"?>
<!-- Generated by org.testng.reporters.JUnitReportReporter -->
<testsuite skipped="0" hostname="SHRI" name="caseStudy.CaseStudyTest$MiniCaseStudy" tests="8" failures="0" timestamp="2023-03-06T21:11:17 IST" time="86.883" errors="0">
  <testcase name="logIn" time="11.175" classname="caseStudy.CaseStudyTest$MiniCaseStudy"/>
  <system-out/>
  <testcase name="addItem" time="7.229" classname="caseStudy.CaseStudyTest$MiniCaseStudy"/>
  <system-out/>
  <testcase name="manyItem" time="14.379" classname="caseStudy.CaseStudyTest$MiniCaseStudy"/>
  <system-out/>
  <testcase name="manyItem" time="13.945" classname="caseStudy.CaseStudyTest$MiniCaseStudy"/>
  <system-out/>
  <testcase name="manyItem" time="14.784" classname="caseStudy.CaseStudyTest$MiniCaseStudy"/>
  <system-out/>
  <testcase name="manyItem" time="12.260" classname="caseStudy.CaseStudyTest$MiniCaseStudy"/>
  <system-out/>
  <testcase name="deleteItem" time="3.573" classname="caseStudy.CaseStudyTest$MiniCaseStudy"/>
  <system-out/>
  <testcase name="purchaseproduct" time="9.538" classname="caseStudy.CaseStudyTest$MiniCaseStudy"/>
  <system-out/>
</testsuite> <!-- caseStudy.CaseStudyTest$MiniCaseStudy -->
